app/build/intermediates/manifest_merge_blame_file/debug/processDebugMainManifest/manifest-merger-blame-debug-report.txt
1<?xml version="1.0" encoding="utf-8"?>
2<manifest xmlns:android="http://schemas.android.com/apk/res/android"
3    package="com.berry.patchguide"
4    android:versionCode="3"
5    android:versionName="0.3.0" >
6
7    <uses-sdk
8        android:minSdkVersion="26"
9        android:targetSdkVersion="36" />
10
11    <uses-permission android:name="android.permission.INTERNET" />
11-->src\main\AndroidManifest.xml:4:5-67
11-->src\main\AndroidManifest.xml:4:22-64
12    <uses-permission android:name="com.android.vending.BILLING" />
12-->[com.android.billingclient:billing-ktx:7.1.1] AndroidManifest.xml:9:5-67
12-->[com.android.billingclient:billing-ktx:7.1.1] AndroidManifest.xml:9:22-64
13
14    <queries>
14-->[com.android.billingclient:billing:7.1.1] AndroidManifest.xml:12:5-19:15
15        <intent>
15-->[com.android.billingclient:billing:7.1.1] AndroidManifest.xml:13:9-15:18
16            <action android:name="com.android.vending.billing.InAppBillingService.BIND" />
16-->[com.android.billingclient:billing:7.1.1] AndroidManifest.xml:14:13-91
16-->[com.android.billingclient:billing:7.1.1] AndroidManifest.xml:14:21-88
17        </intent>
18        <intent>
18-->[com.android.billingclient:billing:7.1.1] AndroidManifest.xml:16:9-18:18
19            <action android:name="com.google.android.apps.play.billingtestcompanion.BillingOverrideService.BIND" />
19-->[com.android.billingclient:billing:7.1.1] AndroidManifest.xml:17:13-116
19-->[com.android.billingclient:billing:7.1.1] AndroidManifest.xml:17:21-113
20        </intent>
21    </queries>
22
23    <permission
23-->[androidx.core:core:1.16.0] AndroidManifest.xml:22:5-24:47
24        android:name="com.berry.patchguide.DYNAMIC_RECEIVER_NOT_EXPORTED_PERMISSION"
24-->[androidx.core:core:1.16.0] AndroidManifest.xml:23:9-81
25        android:protectionLevel="signature" />
25-->[androidx.core:core:1.16.0] AndroidManifest.xml:24:9-44
26
27    <uses-permission android:name="com.berry.patchguide.DYNAMIC_RECEIVER_NOT_EXPORTED_PERMISSION" /> <!-- Although the *SdkVersion is captured in gradle build files, this is required for non gradle builds -->
27-->[androidx.core:core:1.16.0] AndroidManifest.xml:26:5-97
27-->[androidx.core:core:1.16.0] AndroidManifest.xml:26:22-94
28    <!-- <uses-sdk android:minSdkVersion="14"/> -->
29    <uses-permission android:name="android.permission.ACCESS_NETWORK_STATE" />
29-->[com.google.android.datatransport:transport-backend-cct:3.1.8] AndroidManifest.xml:24:5-79
29-->[com.google.android.datatransport:transport-backend-cct:3.1.8] AndroidManifest.xml:24:22-76
30
31    <application
31-->src\main\AndroidManifest.xml:6:5-26:19
32        android:name="com.berry.patchguide.BerryPatchGuideApp"
32-->src\main\AndroidManifest.xml:7:9-43
33        android:allowBackup="true"
33-->src\main\AndroidManifest.xml:8:9-35
34        android:appComponentFactory="androidx.core.app.CoreComponentFactory"
34-->[androidx.core:core:1.16.0] AndroidManifest.xml:28:18-86
35        android:debuggable="true"
36        android:extractNativeLibs="false"
37        android:icon="@mipmap/ic_launcher"
37-->src\main\AndroidManifest.xml:9:9-43
38        android:label="@string/app_name"
38-->src\main\AndroidManifest.xml:10:9-41
39        android:networkSecurityConfig="@xml/network_security_config"
39-->src\main\AndroidManifest.xml:11:9-69
40        android:roundIcon="@mipmap/ic_launcher_round"
40-->src\main\AndroidManifest.xml:12:9-54
41        android:supportsRtl="true"
41-->src\main\AndroidManifest.xml:13:9-35
42        android:theme="@style/Theme.BerryPatchGuide"
42-->src\main\AndroidManifest.xml:14:9-53
43        android:usesCleartextTraffic="true" >
43-->src\main\AndroidManifest.xml:15:9-44
44        <activity
44-->src\main\AndroidManifest.xml:16:9-25:20
45            android:name="com.berry.patchguide.MainActivity"
45-->src\main\AndroidManifest.xml:17:13-41
46            android:exported="true"
46-->src\main\AndroidManifest.xml:18:13-36
47            android:label="@string/app_name"
47-->src\main\AndroidManifest.xml:19:13-45
48            android:theme="@style/Theme.BerryPatchGuide" >
48-->src\main\AndroidManifest.xml:20:13-57
49            <intent-filter>
49-->src\main\AndroidManifest.xml:21:13-24:29
50                <action android:name="android.intent.action.MAIN" />
50-->src\main\AndroidManifest.xml:22:17-69
50-->src\main\AndroidManifest.xml:22:25-66
51
52                <category android:name="android.intent.category.LAUNCHER" />
52-->src\main\AndroidManifest.xml:23:17-77
52-->src\main\AndroidManifest.xml:23:27-74
53            </intent-filter>
54        </activity>
55
56        <meta-data
56-->[com.android.billingclient:billing:7.1.1] AndroidManifest.xml:22:9-24:37
57            android:name="com.google.android.play.billingclient.version"
57-->[com.android.billingclient:billing:7.1.1] AndroidManifest.xml:23:13-73
58            android:value="7.1.1" />
58-->[com.android.billingclient:billing:7.1.1] AndroidManifest.xml:24:13-34
59
60        <activity
60-->[com.android.billingclient:billing:7.1.1] AndroidManifest.xml:26:9-30:75
61            android:name="com.android.billingclient.api.ProxyBillingActivity"
61-->[com.android.billingclient:billing:7.1.1] AndroidManifest.xml:27:13-78
62            android:configChanges="keyboard|keyboardHidden|screenLayout|screenSize|orientation"
62-->[com.android.billingclient:billing:7.1.1] AndroidManifest.xml:28:13-96
63            android:exported="false"
63-->[com.android.billingclient:billing:7.1.1] AndroidManifest.xml:29:13-37
64            android:theme="@android:style/Theme.Translucent.NoTitleBar" />
64-->[com.android.billingclient:billing:7.1.1] AndroidManifest.xml:30:13-72
65        <activity
65-->[com.android.billingclient:billing:7.1.1] AndroidManifest.xml:31:9-35:75
66            android:name="com.android.billingclient.api.ProxyBillingActivityV2"
66-->[com.android.billingclient:billing:7.1.1] AndroidManifest.xml:32:13-80
67            android:configChanges="keyboard|keyboardHidden|screenLayout|screenSize|orientation"
67-->[com.android.billingclient:billing:7.1.1] AndroidManifest.xml:33:13-96
68            android:exported="false"
68-->[com.android.billingclient:billing:7.1.1] AndroidManifest.xml:34:13-37
69            android:theme="@android:style/Theme.Translucent.NoTitleBar" />
69-->[com.android.billingclient:billing:7.1.1] AndroidManifest.xml:35:13-72
70        <activity
70-->[com.google.android.gms:play-services-base:18.5.0] AndroidManifest.xml:5:9-173
71            android:name="com.google.android.gms.common.api.GoogleApiActivity"
71-->[com.google.android.gms:play-services-base:18.5.0] AndroidManifest.xml:5:19-85
72            android:exported="false"
72-->[com.google.android.gms:play-services-base:18.5.0] AndroidManifest.xml:5:146-170
73            android:theme="@android:style/Theme.Translucent.NoTitleBar" />
73-->[com.google.android.gms:play-services-base:18.5.0] AndroidManifest.xml:5:86-145
74
75        <meta-data
75-->[com.google.android.gms:play-services-basement:18.4.0] AndroidManifest.xml:6:9-122
76            android:name="com.google.android.gms.version"
76-->[com.google.android.gms:play-services-basement:18.4.0] AndroidManifest.xml:6:20-65
77            android:value="@integer/google_play_services_version" />
77-->[com.google.android.gms:play-services-basement:18.4.0] AndroidManifest.xml:6:66-119
78
79        <provider
79-->[androidx.emoji2:emoji2:1.4.0] AndroidManifest.xml:24:9-32:20
80            android:name="androidx.startup.InitializationProvider"
80-->[androidx.emoji2:emoji2:1.4.0] AndroidManifest.xml:25:13-67
81            android:authorities="com.berry.patchguide.androidx-startup"
81-->[androidx.emoji2:emoji2:1.4.0] AndroidManifest.xml:26:13-68
82            android:exported="false" >
82-->[androidx.emoji2:emoji2:1.4.0] AndroidManifest.xml:27:13-37
83            <meta-data
83-->[androidx.emoji2:emoji2:1.4.0] AndroidManifest.xml:29:13-31:52
84                android:name="androidx.emoji2.text.EmojiCompatInitializer"
84-->[androidx.emoji2:emoji2:1.4.0] AndroidManifest.xml:30:17-75
85                android:value="androidx.startup" />
85-->[androidx.emoji2:emoji2:1.4.0] AndroidManifest.xml:31:17-49
86            <meta-data
86-->[androidx.lifecycle:lifecycle-process:2.9.1] AndroidManifest.xml:29:13-31:52
87                android:name="androidx.lifecycle.ProcessLifecycleInitializer"
87-->[androidx.lifecycle:lifecycle-process:2.9.1] AndroidManifest.xml:30:17-78
88                android:value="androidx.startup" />
88-->[androidx.lifecycle:lifecycle-process:2.9.1] AndroidManifest.xml:31:17-49
89            <meta-data
89-->[androidx.profileinstaller:profileinstaller:1.4.0] AndroidManifest.xml:29:13-31:52
90                android:name="androidx.profileinstaller.ProfileInstallerInitializer"
90-->[androidx.profileinstaller:profileinstaller:1.4.0] AndroidManifest.xml:30:17-85
91                android:value="androidx.startup" />
91-->[androidx.profileinstaller:profileinstaller:1.4.0] AndroidManifest.xml:31:17-49
92        </provider>
93
94        <service
94-->[androidx.room:room-runtime-android:2.7.1] AndroidManifest.xml:24:9-28:63
95            android:name="androidx.room.MultiInstanceInvalidationService"
95-->[androidx.room:room-runtime-android:2.7.1] AndroidManifest.xml:25:13-74
96            android:directBootAware="true"
96-->[androidx.room:room-runtime-android:2.7.1] AndroidManifest.xml:26:13-43
97            android:exported="false" />
97-->[androidx.room:room-runtime-android:2.7.1] AndroidManifest.xml:27:13-37
98
99        <receiver
99-->[androidx.profileinstaller:profileinstaller:1.4.0] AndroidManifest.xml:34:9-52:20
100            android:name="androidx.profileinstaller.ProfileInstallReceiver"
100-->[androidx.profileinstaller:profileinstaller:1.4.0] AndroidManifest.xml:35:13-76
101            android:directBootAware="false"
101-->[androidx.profileinstaller:profileinstaller:1.4.0] AndroidManifest.xml:36:13-44
102            android:enabled="true"
102-->[androidx.profileinstaller:profileinstaller:1.4.0] AndroidManifest.xml:37:13-35
103            android:exported="true"
103-->[androidx.profileinstaller:profileinstaller:1.4.0] AndroidManifest.xml:38:13-36
104            android:permission="android.permission.DUMP" >
104-->[androidx.profileinstaller:profileinstaller:1.4.0] AndroidManifest.xml:39:13-57
105            <intent-filter>
105-->[androidx.profileinstaller:profileinstaller:1.4.0] AndroidManifest.xml:40:13-42:29
106                <action android:name="androidx.profileinstaller.action.INSTALL_PROFILE" />
106-->[androidx.profileinstaller:profileinstaller:1.4.0] AndroidManifest.xml:41:17-91
106-->[androidx.profileinstaller:profileinstaller:1.4.0] AndroidManifest.xml:41:25-88
107            </intent-filter>
108            <intent-filter>
108-->[androidx.profileinstaller:profileinstaller:1.4.0] AndroidManifest.xml:43:13-45:29
109                <action android:name="androidx.profileinstaller.action.SKIP_FILE" />
109-->[androidx.profileinstaller:profileinstaller:1.4.0] AndroidManifest.xml:44:17-85
109-->[androidx.profileinstaller:profileinstaller:1.4.0] AndroidManifest.xml:44:25-82
110            </intent-filter>
111            <intent-filter>
111-->[androidx.profileinstaller:profileinstaller:1.4.0] AndroidManifest.xml:46:13-48:29
112                <action android:name="androidx.profileinstaller.action.SAVE_PROFILE" />
112-->[androidx.profileinstaller:profileinstaller:1.4.0] AndroidManifest.xml:47:17-88
112-->[androidx.profileinstaller:profileinstaller:1.4.0] AndroidManifest.xml:47:25-85
113            </intent-filter>
114            <intent-filter>
114-->[androidx.profileinstaller:profileinstaller:1.4.0] AndroidManifest.xml:49:13-51:29
115                <action android:name="androidx.profileinstaller.action.BENCHMARK_OPERATION" />
115-->[androidx.profileinstaller:profileinstaller:1.4.0] AndroidManifest.xml:50:17-95
115-->[androidx.profileinstaller:profileinstaller:1.4.0] AndroidManifest.xml:50:25-92
116            </intent-filter>
117        </receiver>
118
119        <service
119-->[com.google.android.datatransport:transport-backend-cct:3.1.8] AndroidManifest.xml:28:9-34:19
120            android:name="com.google.android.datatransport.runtime.backends.TransportBackendDiscovery"
120-->[com.google.android.datatransport:transport-backend-cct:3.1.8] AndroidManifest.xml:29:13-103
121            android:exported="false" >
121-->[com.google.android.datatransport:transport-backend-cct:3.1.8] AndroidManifest.xml:30:13-37
122            <meta-data
122-->[com.google.android.datatransport:transport-backend-cct:3.1.8] AndroidManifest.xml:31:13-33:39
123                android:name="backend:com.google.android.datatransport.cct.CctBackendFactory"
123-->[com.google.android.datatransport:transport-backend-cct:3.1.8] AndroidManifest.xml:32:17-94
124                android:value="cct" />
124-->[com.google.android.datatransport:transport-backend-cct:3.1.8] AndroidManifest.xml:33:17-36
125        </service>
126        <service
126-->[com.google.android.datatransport:transport-runtime:3.1.8] AndroidManifest.xml:26:9-30:19
127            android:name="com.google.android.datatransport.runtime.scheduling.jobscheduling.JobInfoSchedulerService"
127-->[com.google.android.datatransport:transport-runtime:3.1.8] AndroidManifest.xml:27:13-117
128            android:exported="false"
128-->[com.google.android.datatransport:transport-runtime:3.1.8] AndroidManifest.xml:28:13-37
129            android:permission="android.permission.BIND_JOB_SERVICE" >
129-->[com.google.android.datatransport:transport-runtime:3.1.8] AndroidManifest.xml:29:13-69
130        </service>
131
132        <receiver
132-->[com.google.android.datatransport:transport-runtime:3.1.8] AndroidManifest.xml:32:9-34:40
133            android:name="com.google.android.datatransport.runtime.scheduling.jobscheduling.AlarmManagerSchedulerBroadcastReceiver"
133-->[com.google.android.datatransport:transport-runtime:3.1.8] AndroidManifest.xml:33:13-132
134            android:exported="false" />
134-->[com.google.android.datatransport:transport-runtime:3.1.8] AndroidManifest.xml:34:13-37
135    </application>
136
137</manifest>